<?xml version="1.0" encoding="UTF-8" standalone="yes"?>
<testsuites name="Login" time="22" tests="1" failures="0" errors="0">
    <testsuite name="Login" tests="1" failures="0" errors="0" time="22" timestamp="2019-11-14 17:52:27" hostname="vntdoan - vinhnnb.mgm-edv.de" id="Test Suites/Login">
        <properties>
            <property name="deviceName" value=""/>
            <property name="devicePlatform" value=""/>
            <property name="logFolder" value="C:\\Users\\vntdoan\\KatalonDeerberg\\Reports\\20191114_175220\\Login\\20191114_175220"/>
            <property name="logFiles" value="C:\\Users\\vntdoan\\KatalonDeerberg\\Reports\\20191114_175220\\Login\\20191114_175220\\execution0.log"/>
            <property name="attachments" value=""/>
            <property name="hostName" value="vntdoan - vinhnnb.mgm-edv.de"/>
            <property name="os" value="Windows 10 64bit"/>
            <property name="katalonVersion" value="6.3.3.11"/>
            <property name="browser" value="Firefox 60.0"/>
            <property name="hostAddress" value="172.31.240.144"/>
            <property name="sessionId" value="7a0bcc20-79d3-43e3-9103-4bb5393b560e"/>
            <property name="seleniumVersion" value="3.141.59"/>
            <property name="proxyInformation" value="ProxyInformation{proxyOption=NO_PROXY, proxyServerType=HTTP, password=, proxyServerAddress=, proxyServerPort=0}"/>
            <property name="platform" value="Windows 10"/>
        </properties>
        <testcase name="Test Cases/LoginSucessful" classname="Test Cases/LoginSucessful" status="PASSED">
            <system-out>2019-11-14 17:52:27 - [TEST_CASE][PASSED] - Test Cases/LoginSucessful: Test Cases/LoginSucessful&#xD;
&#xD;
2019-11-14 17:52:28 - [TEST_STEP][PASSED] - runFeatureFile("Include/features/LoginSucessful .feature"): Feature file: 'Include/features/LoginSucessful .feature' was passed&#xD;
&#xD;
2019-11-14 17:52:28 - [MESSAGE][INFO] - Starting run keyword runFeatureFile: 'Include/features/LoginSucessful .feature' and extract report to folder: 'C:\Users\vntdoan\KatalonDeerberg\Reports\20191114_175220\Login\20191114_175220/cucumber_report/1573728748216'...&#xD;
&#xD;
2019-11-14 17:52:28 - [TEST_CASE][PASSED] - Start Test Case : SCENARIO Login successfully: SCENARIO Login successfully&#xD;
&#xD;
2019-11-14 17:52:28 - [TEST_STEP][PASSED] - I am on 'Deerberg account' site: I am on 'Deerberg account' site&#xD;
&#xD;
2019-11-14 17:52:28 - [MESSAGE][INFO] - Starting 'Firefox' driver&#xD;
&#xD;
2019-11-14 17:52:29 - [MESSAGE][INFO] - Action delay is set to 0 seconds&#xD;
&#xD;
2019-11-14 17:52:36 - [MESSAGE][PASSED] - Browser is opened with url: 'https://www.deerberg.de/user/login-show'&#xD;
&#xD;
2019-11-14 17:52:36 - [MESSAGE][PASSED] - Current window maximized&#xD;
&#xD;
2019-11-14 17:52:36 - [MESSAGE][PASSED] - Object: 'Object Repository/HomePage/Cookie_agree_btn' is clicked on&#xD;
&#xD;
2019-11-14 17:52:36 - [MESSAGE][PASSED] - I am on 'Deerberg account' site&#xD;
&#xD;
2019-11-14 17:52:36 - [TEST_STEP][PASSED] - I input vinhdoanngocthe+1@gmail.com and 123123123: I input vinhdoanngocthe+1@gmail.com and 123123123&#xD;
&#xD;
2019-11-14 17:52:36 - [MESSAGE][PASSED] - Object 'Object Repository/LoginPage/input_E-Mail' is visible&#xD;
&#xD;
2019-11-14 17:52:37 - [MESSAGE][PASSED] - Text 'vinhdoanngocthe+1@gmail.com' is set on object 'Object Repository/LoginPage/input_E-Mail'&#xD;
&#xD;
2019-11-14 17:52:37 - [MESSAGE][PASSED] - Object 'Object Repository/LoginPage/input_Passwort' is visible&#xD;
&#xD;
2019-11-14 17:52:37 - [MESSAGE][PASSED] - Text '123123123' is set on object 'Object Repository/LoginPage/input_Passwort'&#xD;
&#xD;
2019-11-14 17:52:37 - [MESSAGE][PASSED] - I input vinhdoanngocthe+1@gmail.com and 123123123&#xD;
&#xD;
2019-11-14 17:52:37 - [TEST_STEP][PASSED] - I click on Login button: I click on Login button&#xD;
&#xD;
2019-11-14 17:52:48 - [MESSAGE][PASSED] - Object: 'Object Repository/LoginPage/Login_btn' is clicked on&#xD;
&#xD;
2019-11-14 17:52:48 - [MESSAGE][PASSED] - I click on Login button&#xD;
&#xD;
2019-11-14 17:52:48 - [TEST_STEP][PASSED] - I will navigate to account page: I will navigate to account page&#xD;
&#xD;
2019-11-14 17:52:48 - [MESSAGE][PASSED] - Text of object 'Object Repository/UserPage/User_name' is: 'Hallo vinh doan'&#xD;
&#xD;
2019-11-14 17:52:49 - [MESSAGE][PASSED] - Browser is closed&#xD;
&#xD;
2019-11-14 17:52:49 - [MESSAGE][PASSED] - I will navigate to account page&#xD;
&#xD;
2019-11-14 17:52:50 - [MESSAGE][PASSED] - Feature file: 'Include/features/LoginSucessful .feature' was passed</system-out>
            <system-err></system-err>
        </testcase>
        <system-out>2019-11-14 17:52:27 - [TEST_SUITE][INCOMPLETE] - Login: null</system-out>
        <system-err>2019-11-14 17:52:27 - [TEST_SUITE][INCOMPLETE] - Login: null</system-err>
    </testsuite>
</testsuites>
